1556733826902:help
1556733830248:new-client
1556733836206:list
1556733844325:put
1556733846919:help put
1556733853663:put 0 k1 v1
1556733856898:get 1 k1
1556733860732:get 0 k1
1556733867328:zk-down 0
1556733879963:get 0 k1
1556733888121:zk-up 0
1556733897578:get 0 k1
1556733902014:zk-down 0
1556733911353:get 1 k1
1556733917443:put 1 k1 v2
1556733919579:et 1 k1
1556733921476:get 1 k1
1556733925593:zk-up 0
1556733931818:get 0 k1
1556734188622:new-client
1556734195671:list
1556734212708:put 0 k1 v1
1556734218348:get k1
1556734231503:get 0 k1
1556734246845:get 1 k1
1556734263098:zk-down 0
1556734278680:get 0 k1
1556734290347:zk-up 0
1556734312328:list
1556734320618:zk-up 0
1556734338312:zk-down 0
1556734367547:zk-up 0
1556734425697:new-client
1556734429167:list
1556734444443:put 0 k1 v1
1556734448860:get 1 k1
1556734464584:zk-down 0
1556734506616:get 1 k1
1556734517693:put 1 k1 v2
1556734526693:get 1 k1
1556734533474:zk-up 0
1556734584068:get 0 k1
1556734679249:new-client
1556734682151:list
1556734691153:put 0 k1 v1
1556734695493:get 1 k1
1556734709415:zk-down 0
1556734727755:get 1 k1
1556734736124:put 1 k1 v2
1556734751378:get 1 k1
1556734757303:zk-up 0
1556738731024:new-client
1556738735445:list
1556738744165:put 0 k1 v1
1556738746980:get 0 k1
1556738774303:put 1 k2 v2
1556738777376:get 0 k2
1556738836017:zk-down0
1556738840090:zk-down
1556738849659:zk-down 0
1556738879254:put 0 k1 v3
1556738889103:put 1 k1 vv3
1556738896575:zk-up 0
1556738958202:new-cliebt
1556738960982:new-client
1556738965093:list
1556738982000:put 0 k1 v1
1556738986341:get 1 k1
1556739000310:zk-down 0
1556739039645:put 0 k2 v2
1556739056550:put 1 k3 v3
1556739065429:zk-up 0
1556739091111:get 0 k3
1556739124479:put 1 k1 v2
1556739132434:get 0 k1
1556739247119:new-client
1556739274110:list
1556739293679:help
1556739310744:put 1 k1 v1
1556739314839:get 0 k1
1556739326639:zk-down 0
1556739380731:put 0 k1 v2
1556739389970:put 1 k1 v2
1556739395921:zk-up 0
1556739796630:new-client
1556739800519:list
1556739816767:put 0 k1 v1
1556739819513:get 1 k1
1556739824598:zk-down 0
1556739857855:put 1 k1 v2
1556739860799:get 1 k1
1556739866367:zk-up 0
1556739883029:get 0 k1
1556739973594:new-client
1556739982577:put 0 k1 v1]=
1556739992214:get 0 k1
1556740000772:zk.down 0
1556740006212:zk-down 0
1556740027454:get 1 k1
1556740064822:new-client
1556740074847:put 0 k1 v1
1556740077731:get 1 k1
1556740086685:zk-down 0
1556740121428:get 1 k1
1556740129679:put 0 k1 v2
1556740137334:get 1 k1
1556740143465:put 1 k1 v2
1556740146337:get 1 k1
1556740155852:zk-up 0
1556740180869:help
1556740193098:get 0 k1
1556740197119:get 1 l2
1556740201958:get 1 k1
1556740205356:help
1556740208451:lsit
1556740210440:list
1556740259021:help
1556740271051:new-client \\
1556740273278:list
1556740299707:put 1 k1 v1
1556740309252:get 1 k1
1556740316702:get 0 k1
1556740330855:zk-down 0
1556740365523:put 1 k1 v2
1556740369429:get 1 k1
1556740374694:zk-up 0
1556740469437:new-client
1556740474356:put 0 k1 v1
1556740477668:get 0 k1
1556740481871:get 1 k1
1556740488185:zk-down 0
1556740527361:zk-up 0
1556740651121:new-client
1556740662979:put 0 k1 v1
1556740666578:get 0 k1
1556740671237:get 1 k1
1556740681563:zk-down 0
1556740719692:get 1 k1
1556740724800:put 1 k1 v2
1556740727849:get 1 k1
1556740732921:zk-up 0
1556740824731:new-client
1556740848212:put 1 k1 v1
1556740851031:get 1 k1
1556740855357:get 0 k1
1556740862749:zk-down 0
1556740888850:put 1 k1 v2
1556740894419:get 1 k1
1556740921494:zk-up 0
1556741056725:new-clientr
1556741060082:new-client
1556741071848:new-cleint
1556741076688:new-client
1556741078642:list
1556741093682:put 1 k1 v1
1556741115043:put 2 k2 v2
1556741129928:get 0 k1
1556741141032:get 3 k1
1556741156805:zk-down 2
1556741177976:list
1556741255810:put 1 k1 v3
1556741296716:zk-down 0
1556741320406:list
1556741334104:put 1 k2 v4
1556741350755:zk-up 0
1556741370378:get 0 k2
1556741617929:new-client
1556741634657:list
1556741642152:put 0 k1 v1
1556741645151:get 0 k1
1556741647443:get 1 k1
1556741650257:get 2 k1
1556741654789:zk-down 0
1556741679912:put 1 k1 v2
1556741683882:get 1 k1
1556741686112:get 2 k1
1556741712276:zk-up 0
1556741721147:get 0 k1
1556741729404:get 2 k1
1556741780817:list
1556741795841:put 2 k2 v7
1556741810895:get 1 k2
1556741816410:get 0 k2
1556741825313:put 0 k2 v8
1556741834898:get 0 k2
1556741839111:get 1 k2
1556741846925:put 2 k2 v7
1556741862589:get 0 k2
1556741872238:get 1 k2
